<?xml version="1.0" encoding="UTF-8"?>
<!-- Generated by org.testng.reporters.JUnitReportReporter -->
<testsuite skipped="0" hostname="DESKTOP-OMV2D25" name="JenkinsDemo.Demo1" tests="1" failures="0" timestamp="2022-09-08T17:21:50 IST" time="2.870" errors="0">
  <testcase name="doLogin" time="2.870" classname="JenkinsDemo.Demo1"/>
  <system-out/>
</testsuite> <!-- JenkinsDemo.Demo1 -->
